<?xml version="1.0" encoding="UTF-8"?>
<!-- Generated by org.testng.reporters.JUnitReportReporter -->
<testsuite skipped="0" hostname="LAPTOP-R69EIENB" name="com.qa.tests.GetAPITest" tests="2" failures="0" timestamp="04 Feb 2020 14:58:37 GMT" time="2.746" errors="0">
  <testcase name="getAPITestWithOutHeaders" time="1.749" classname="com.qa.tests.GetAPITest"/>
  <testcase name="getAPITestWithHeaders" time="0.997" classname="com.qa.tests.GetAPITest"/>
</testsuite> <!-- com.qa.tests.GetAPITest -->
