<?xml version="1.0" encoding="UTF-8"?>
<!-- Generated by org.testng.reporters.JUnitReportReporter -->
<testsuite skipped="0" hostname="LAPTOP-R69EIENB" name="com.qa.tests.PostAPITest" tests="1" failures="0" timestamp="04 Feb 2020 17:15:54 GMT" time="2.092" errors="0">
  <testcase name="postAPITest" time="2.092" classname="com.qa.tests.PostAPITest"/>
</testsuite> <!-- com.qa.tests.PostAPITest -->
